build/outputs/logs/manifest-merger-debug-report.txt
-- Merging decision tree log ---
manifest
ADDED from Desktop\jPushDemo01\AndroidManifest.xml:2:1-160:12
	xmlns:android
		ADDED from Desktop\jPushDemo01\AndroidManifest.xml:2:11-69
	package
		ADDED from Desktop\jPushDemo01\AndroidManifest.xml:3:5-37
	android:versionName
		ADDED from Desktop\jPushDemo01\AndroidManifest.xml:5:5-32
	android:versionCode
		ADDED from Desktop\jPushDemo01\AndroidManifest.xml:4:5-30
		INJECTED from Desktop\jPushDemo01\AndroidManifest.xml
		INJECTED from Desktop\jPushDemo01\AndroidManifest.xml
uses-sdk
ADDED from Desktop\jPushDemo01\AndroidManifest.xml:7:5-74
	android:targetSdkVersion
		ADDED from Desktop\jPushDemo01\AndroidManifest.xml:7:42-71
	android:minSdkVersion
		ADDED from Desktop\jPushDemo01\AndroidManifest.xml:7:15-41
permission#net.gfdz.com.jpushdemo.permission.JPUSH_MESSAGE
ADDED from Desktop\jPushDemo01\AndroidManifest.xml:8:5-10:47
	android:protectionLevel
		ADDED from Desktop\jPushDemo01\AndroidManifest.xml:10:9-44
	android:name
		ADDED from Desktop\jPushDemo01\AndroidManifest.xml:9:9-71
uses-permission#net.gfdz.com.jpushdemo.permission.JPUSH_MESSAGE
ADDED from Desktop\jPushDemo01\AndroidManifest.xml:13:5-87
	android:name
		ADDED from Desktop\jPushDemo01\AndroidManifest.xml:13:22-84
uses-permission#android.permission.RECEIVE_USER_PRESENT
ADDED from Desktop\jPushDemo01\AndroidManifest.xml:14:5-79
	android:name
		ADDED from Desktop\jPushDemo01\AndroidManifest.xml:14:22-76
uses-permission#android.permission.INTERNET
ADDED from Desktop\jPushDemo01\AndroidManifest.xml:15:5-67
	android:name
		ADDED from Desktop\jPushDemo01\AndroidManifest.xml:15:22-64
uses-permission#android.permission.WAKE_LOCK
ADDED from Desktop\jPushDemo01\AndroidManifest.xml:16:5-68
	android:name
		ADDED from Desktop\jPushDemo01\AndroidManifest.xml:16:22-65
uses-permission#android.permission.READ_PHONE_STATE
ADDED from Desktop\jPushDemo01\AndroidManifest.xml:17:5-75
	android:name
		ADDED from Desktop\jPushDemo01\AndroidManifest.xml:17:22-72
uses-permission#android.permission.WRITE_EXTERNAL_STORAGE
ADDED from Desktop\jPushDemo01\AndroidManifest.xml:18:5-81
	android:name
		ADDED from Desktop\jPushDemo01\AndroidManifest.xml:18:22-78
uses-permission#android.permission.READ_EXTERNAL_STORAGE
ADDED from Desktop\jPushDemo01\AndroidManifest.xml:19:5-80
	android:name
		ADDED from Desktop\jPushDemo01\AndroidManifest.xml:19:22-77
uses-permission#android.permission.WRITE_SETTINGS
ADDED from Desktop\jPushDemo01\AndroidManifest.xml:20:5-73
	android:name
		ADDED from Desktop\jPushDemo01\AndroidManifest.xml:20:22-70
uses-permission#android.permission.VIBRATE
ADDED from Desktop\jPushDemo01\AndroidManifest.xml:21:5-66
	android:name
		ADDED from Desktop\jPushDemo01\AndroidManifest.xml:21:22-63
uses-permission#android.permission.MOUNT_UNMOUNT_FILESYSTEMS
ADDED from Desktop\jPushDemo01\AndroidManifest.xml:22:5-84
	android:name
		ADDED from Desktop\jPushDemo01\AndroidManifest.xml:22:22-81
uses-permission#android.permission.ACCESS_NETWORK_STATE
ADDED from Desktop\jPushDemo01\AndroidManifest.xml:23:5-79
	android:name
		ADDED from Desktop\jPushDemo01\AndroidManifest.xml:23:22-76
uses-permission#android.permission.ACCESS_WIFI_STATE
ADDED from Desktop\jPushDemo01\AndroidManifest.xml:24:5-76
	android:name
		ADDED from Desktop\jPushDemo01\AndroidManifest.xml:24:22-73
uses-permission#android.permission.SYSTEM_ALERT_WINDOW
ADDED from Desktop\jPushDemo01\AndroidManifest.xml:25:5-77
	android:name
		ADDED from Desktop\jPushDemo01\AndroidManifest.xml:25:22-75
uses-permission#android.permission.ACCESS_COARSE_LOCATION
ADDED from Desktop\jPushDemo01\AndroidManifest.xml:30:5-81
	android:name
		ADDED from Desktop\jPushDemo01\AndroidManifest.xml:30:22-78
uses-permission#android.permission.CHANGE_WIFI_STATE
ADDED from Desktop\jPushDemo01\AndroidManifest.xml:31:5-76
	android:name
		ADDED from Desktop\jPushDemo01\AndroidManifest.xml:31:22-73
uses-permission#android.permission.ACCESS_FINE_LOCATION
ADDED from Desktop\jPushDemo01\AndroidManifest.xml:32:5-79
	android:name
		ADDED from Desktop\jPushDemo01\AndroidManifest.xml:32:22-76
uses-permission#android.permission.ACCESS_LOCATION_EXTRA_COMMANDS
ADDED from Desktop\jPushDemo01\AndroidManifest.xml:33:5-89
	android:name
		ADDED from Desktop\jPushDemo01\AndroidManifest.xml:33:22-86
uses-permission#android.permission.CHANGE_NETWORK_STATE
ADDED from Desktop\jPushDemo01\AndroidManifest.xml:34:5-79
	android:name
		ADDED from Desktop\jPushDemo01\AndroidManifest.xml:34:22-76
application
ADDED from Desktop\jPushDemo01\AndroidManifest.xml:36:5-159:19
	android:label
		ADDED from Desktop\jPushDemo01\AndroidManifest.xml:39:9-41
	android:allowBackup
		ADDED from Desktop\jPushDemo01\AndroidManifest.xml:38:9-35
	android:icon
		ADDED from Desktop\jPushDemo01\AndroidManifest.xml:37:9-45
	android:name
		ADDED from Desktop\jPushDemo01\AndroidManifest.xml:40:9-64
activity#com.example.jpushdemo.MainActivity
ADDED from Desktop\jPushDemo01\AndroidManifest.xml:44:9-51:20
	android:label
		ADDED from Desktop\jPushDemo01\AndroidManifest.xml:46:13-45
	android:name
		ADDED from Desktop\jPushDemo01\AndroidManifest.xml:45:13-62
intent-filter#android.intent.action.MAIN+android.intent.category.LAUNCHER
ADDED from Desktop\jPushDemo01\AndroidManifest.xml:47:13-50:29
action#android.intent.action.MAIN
ADDED from Desktop\jPushDemo01\AndroidManifest.xml:48:17-69
	android:name
		ADDED from Desktop\jPushDemo01\AndroidManifest.xml:48:25-66
category#android.intent.category.LAUNCHER
ADDED from Desktop\jPushDemo01\AndroidManifest.xml:49:17-77
	android:name
		ADDED from Desktop\jPushDemo01\AndroidManifest.xml:49:27-74
activity#com.example.jpushdemo.PushSetActivity
ADDED from Desktop\jPushDemo01\AndroidManifest.xml:53:8-115
	android:label
		ADDED from Desktop\jPushDemo01\AndroidManifest.xml:53:71-103
	android:name
		ADDED from Desktop\jPushDemo01\AndroidManifest.xml:53:18-70
activity#com.example.jpushdemo.SettingActivity
ADDED from Desktop\jPushDemo01\AndroidManifest.xml:55:8-115
	android:label
		ADDED from Desktop\jPushDemo01\AndroidManifest.xml:55:71-103
	android:name
		ADDED from Desktop\jPushDemo01\AndroidManifest.xml:55:18-70
activity#com.example.jpushdemo.TestActivity
ADDED from Desktop\jPushDemo01\AndroidManifest.xml:57:9-62:20
	android:exported
		ADDED from Desktop\jPushDemo01\AndroidManifest.xml:57:69-93
	android:name
		ADDED from Desktop\jPushDemo01\AndroidManifest.xml:57:19-68
intent-filter#jpush.testAction+jpush.testCategory
ADDED from Desktop\jPushDemo01\AndroidManifest.xml:58:13-61:29
action#jpush.testAction
ADDED from Desktop\jPushDemo01\AndroidManifest.xml:59:17-59
	android:name
		ADDED from Desktop\jPushDemo01\AndroidManifest.xml:59:25-56
category#jpush.testCategory
ADDED from Desktop\jPushDemo01\AndroidManifest.xml:60:17-63
	android:name
		ADDED from Desktop\jPushDemo01\AndroidManifest.xml:60:27-60
activity#cn.jpush.android.ui.PushActivity
ADDED from Desktop\jPushDemo01\AndroidManifest.xml:66:9-76:20
	android:configChanges
		ADDED from Desktop\jPushDemo01\AndroidManifest.xml:68:13-63
	android:theme
		ADDED from Desktop\jPushDemo01\AndroidManifest.xml:69:13-60
	android:exported
		ADDED from Desktop\jPushDemo01\AndroidManifest.xml:70:13-37
	android:name
		ADDED from Desktop\jPushDemo01\AndroidManifest.xml:67:13-60
intent-filter#android.intent.category.DEFAULT+cn.jpush.android.ui.PushActivity+net.gfdz.com.jpushdemo
ADDED from Desktop\jPushDemo01\AndroidManifest.xml:71:13-75:29
action#cn.jpush.android.ui.PushActivity
ADDED from Desktop\jPushDemo01\AndroidManifest.xml:72:17-75
	android:name
		ADDED from Desktop\jPushDemo01\AndroidManifest.xml:72:25-72
category#android.intent.category.DEFAULT
ADDED from Desktop\jPushDemo01\AndroidManifest.xml:73:17-76
	android:name
		ADDED from Desktop\jPushDemo01\AndroidManifest.xml:73:27-73
category#net.gfdz.com.jpushdemo
ADDED from Desktop\jPushDemo01\AndroidManifest.xml:74:17-67
	android:name
		ADDED from Desktop\jPushDemo01\AndroidManifest.xml:74:27-64
service#cn.jpush.android.service.DownloadService
ADDED from Desktop\jPushDemo01\AndroidManifest.xml:78:9-82:19
	android:exported
		ADDED from Desktop\jPushDemo01\AndroidManifest.xml:81:13-37
	android:enabled
		ADDED from Desktop\jPushDemo01\AndroidManifest.xml:80:13-35
	android:name
		ADDED from Desktop\jPushDemo01\AndroidManifest.xml:79:13-68
service#cn.jpush.android.service.PushService
ADDED from Desktop\jPushDemo01\AndroidManifest.xml:87:9-97:19
	android:exported
		ADDED from Desktop\jPushDemo01\AndroidManifest.xml:90:13-37
	android:enabled
		ADDED from Desktop\jPushDemo01\AndroidManifest.xml:89:13-35
	android:name
		ADDED from Desktop\jPushDemo01\AndroidManifest.xml:88:13-64
intent-filter#cn.jpush.android.intent.PUSH_TIME+cn.jpush.android.intent.PushService+cn.jpush.android.intent.REGISTER+cn.jpush.android.intent.REPORT
ADDED from Desktop\jPushDemo01\AndroidManifest.xml:91:13-96:29
action#cn.jpush.android.intent.REGISTER
ADDED from Desktop\jPushDemo01\AndroidManifest.xml:92:17-75
	android:name
		ADDED from Desktop\jPushDemo01\AndroidManifest.xml:92:25-72
action#cn.jpush.android.intent.REPORT
ADDED from Desktop\jPushDemo01\AndroidManifest.xml:93:17-73
	android:name
		ADDED from Desktop\jPushDemo01\AndroidManifest.xml:93:25-70
action#cn.jpush.android.intent.PushService
ADDED from Desktop\jPushDemo01\AndroidManifest.xml:94:17-78
	android:name
		ADDED from Desktop\jPushDemo01\AndroidManifest.xml:94:25-75
action#cn.jpush.android.intent.PUSH_TIME
ADDED from Desktop\jPushDemo01\AndroidManifest.xml:95:17-76
	android:name
		ADDED from Desktop\jPushDemo01\AndroidManifest.xml:95:25-73
service#cn.jpush.android.service.DaemonService
ADDED from Desktop\jPushDemo01\AndroidManifest.xml:101:9-110:19
	android:exported
		ADDED from Desktop\jPushDemo01\AndroidManifest.xml:104:13-36
	android:enabled
		ADDED from Desktop\jPushDemo01\AndroidManifest.xml:103:13-35
	android:name
		ADDED from Desktop\jPushDemo01\AndroidManifest.xml:102:13-66
intent-filter#cn.jpush.android.intent.DaemonService+net.gfdz.com.jpushdemo
ADDED from Desktop\jPushDemo01\AndroidManifest.xml:105:13-108:29
action#cn.jpush.android.intent.DaemonService
ADDED from Desktop\jPushDemo01\AndroidManifest.xml:106:17-80
	android:name
		ADDED from Desktop\jPushDemo01\AndroidManifest.xml:106:25-77
receiver#cn.jpush.android.service.PushReceiver
ADDED from Desktop\jPushDemo01\AndroidManifest.xml:113:9-132:20
	android:exported
		ADDED from Desktop\jPushDemo01\AndroidManifest.xml:116:13-37
	android:enabled
		ADDED from Desktop\jPushDemo01\AndroidManifest.xml:115:13-35
	android:name
		ADDED from Desktop\jPushDemo01\AndroidManifest.xml:114:13-65
intent-filter#cn.jpush.android.intent.NOTIFICATION_RECEIVED_PROXY+net.gfdz.com.jpushdemo
ADDED from Desktop\jPushDemo01\AndroidManifest.xml:117:14-120:29
	android:priority
		ADDED from Desktop\jPushDemo01\AndroidManifest.xml:117:29-52
action#cn.jpush.android.intent.NOTIFICATION_RECEIVED_PROXY
ADDED from Desktop\jPushDemo01\AndroidManifest.xml:118:17-94
	android:name
		ADDED from Desktop\jPushDemo01\AndroidManifest.xml:118:25-91
intent-filter#android.intent.action.USER_PRESENT+android.net.conn.CONNECTIVITY_CHANGE
ADDED from Desktop\jPushDemo01\AndroidManifest.xml:121:13-124:29
action#android.intent.action.USER_PRESENT
ADDED from Desktop\jPushDemo01\AndroidManifest.xml:122:17-77
	android:name
		ADDED from Desktop\jPushDemo01\AndroidManifest.xml:122:25-74
action#android.net.conn.CONNECTIVITY_CHANGE
ADDED from Desktop\jPushDemo01\AndroidManifest.xml:123:17-79
	android:name
		ADDED from Desktop\jPushDemo01\AndroidManifest.xml:123:25-76
intent-filter#android.intent.action.PACKAGE_ADDED+android.intent.action.PACKAGE_REMOVED
ADDED from Desktop\jPushDemo01\AndroidManifest.xml:126:13-130:29
action#android.intent.action.PACKAGE_ADDED
ADDED from Desktop\jPushDemo01\AndroidManifest.xml:127:17-78
	android:name
		ADDED from Desktop\jPushDemo01\AndroidManifest.xml:127:25-75
action#android.intent.action.PACKAGE_REMOVED
ADDED from Desktop\jPushDemo01\AndroidManifest.xml:128:17-80
	android:name
		ADDED from Desktop\jPushDemo01\AndroidManifest.xml:128:25-77
data
ADDED from Desktop\jPushDemo01\AndroidManifest.xml:129:17-50
	android:scheme
		ADDED from Desktop\jPushDemo01\AndroidManifest.xml:129:23-47
receiver#cn.jpush.android.service.AlarmReceiver
ADDED from Desktop\jPushDemo01\AndroidManifest.xml:135:9-99
	android:exported
		ADDED from Desktop\jPushDemo01\AndroidManifest.xml:135:73-97
	android:name
		ADDED from Desktop\jPushDemo01\AndroidManifest.xml:135:19-72
receiver#com.example.jpushdemo.MyReceiver
ADDED from Desktop\jPushDemo01\AndroidManifest.xml:138:9-152:20
	android:exported
		ADDED from Desktop\jPushDemo01\AndroidManifest.xml:140:13-37
	android:enabled
		ADDED from Desktop\jPushDemo01\AndroidManifest.xml:141:13-35
	android:name
		ADDED from Desktop\jPushDemo01\AndroidManifest.xml:139:13-60
intent-filter#cn.jpush.android.intent.ACTION_RICHPUSH_CALLBACK+cn.jpush.android.intent.CONNECTION+cn.jpush.android.intent.MESSAGE_RECEIVED+cn.jpush.android.intent.NOTIFICATION_OPENED+cn.jpush.android.intent.NOTIFICATION_RECEIVED+cn.jpush.android.intent.REGISTRATION+cn.jpush.android.intent.UNREGISTRATION+net.gfdz.com.jpushdemo
ADDED from Desktop\jPushDemo01\AndroidManifest.xml:142:13-151:29
action#cn.jpush.android.intent.REGISTRATION
ADDED from Desktop\jPushDemo01\AndroidManifest.xml:143:17-79
	android:name
		ADDED from Desktop\jPushDemo01\AndroidManifest.xml:143:25-76
action#cn.jpush.android.intent.UNREGISTRATION
ADDED from Desktop\jPushDemo01\AndroidManifest.xml:144:17-81
	android:name
		ADDED from Desktop\jPushDemo01\AndroidManifest.xml:144:25-78
action#cn.jpush.android.intent.MESSAGE_RECEIVED
ADDED from Desktop\jPushDemo01\AndroidManifest.xml:145:17-83
	android:name
		ADDED from Desktop\jPushDemo01\AndroidManifest.xml:145:25-80
action#cn.jpush.android.intent.NOTIFICATION_RECEIVED
ADDED from Desktop\jPushDemo01\AndroidManifest.xml:146:17-88
	android:name
		ADDED from Desktop\jPushDemo01\AndroidManifest.xml:146:25-85
action#cn.jpush.android.intent.NOTIFICATION_OPENED
ADDED from Desktop\jPushDemo01\AndroidManifest.xml:147:17-86
	android:name
		ADDED from Desktop\jPushDemo01\AndroidManifest.xml:147:25-83
action#cn.jpush.android.intent.ACTION_RICHPUSH_CALLBACK
ADDED from Desktop\jPushDemo01\AndroidManifest.xml:148:17-91
	android:name
		ADDED from Desktop\jPushDemo01\AndroidManifest.xml:148:25-88
action#cn.jpush.android.intent.CONNECTION
ADDED from Desktop\jPushDemo01\AndroidManifest.xml:149:17-77
	android:name
		ADDED from Desktop\jPushDemo01\AndroidManifest.xml:149:25-74
meta-data#JPUSH_CHANNEL
ADDED from Desktop\jPushDemo01\AndroidManifest.xml:156:9-84
	android:name
		ADDED from Desktop\jPushDemo01\AndroidManifest.xml:156:20-48
	android:value
		ADDED from Desktop\jPushDemo01\AndroidManifest.xml:156:49-82
meta-data#JPUSH_APPKEY
ADDED from Desktop\jPushDemo01\AndroidManifest.xml:157:9-91
	android:name
		ADDED from Desktop\jPushDemo01\AndroidManifest.xml:157:20-47
	android:value
		ADDED from Desktop\jPushDemo01\AndroidManifest.xml:157:48-88